{"D:\\D-desktop\\courses-folders\\MICROVERSE\\Module-2-JS-Networking\\projects\\Task-Manager\\src\\Jest\\TaskManager-toTest.js": {"path":"D:\\D-desktop\\courses-folders\\MICROVERSE\\Module-2-JS-Networking\\projects\\Task-Manager\\src\\Jest\\TaskManager-toTest.js","statementMap":{"0":{"start":{"line":3,"column":4},"end":{"line":3,"column":71}},"1":{"start":{"line":7,"column":4},"end":{"line":7,"column":68}},"2":{"start":{"line":11,"column":4},"end":{"line":15,"column":7}},"3":{"start":{"line":16,"column":4},"end":{"line":16,"column":30}},"4":{"start":{"line":20,"column":4},"end":{"line":28,"column":5}},"5":{"start":{"line":21,"column":6},"end":{"line":23,"column":7}},"6":{"start":{"line":22,"column":8},"end":{"line":22,"column":65}},"7":{"start":{"line":24,"column":6},"end":{"line":26,"column":7}},"8":{"start":{"line":25,"column":8},"end":{"line":25,"column":61}},"9":{"start":{"line":27,"column":6},"end":{"line":27,"column":32}},"10":{"start":{"line":32,"column":4},"end":{"line":32,"column":68}},"11":{"start":{"line":32,"column":51},"end":{"line":32,"column":66}},"12":{"start":{"line":33,"column":4},"end":{"line":33,"column":27}},"13":{"start":{"line":34,"column":4},"end":{"line":34,"column":30}},"14":{"start":{"line":38,"column":4},"end":{"line":38,"column":39}},"15":{"start":{"line":39,"column":4},"end":{"line":39,"column":27}},"16":{"start":{"line":40,"column":4},"end":{"line":40,"column":30}},"17":{"start":{"line":44,"column":4},"end":{"line":46,"column":7}},"18":{"start":{"line":45,"column":6},"end":{"line":45,"column":25}},"19":{"start":{"line":50,"column":4},"end":{"line":50,"column":25}},"20":{"start":{"line":54,"column":0},"end":{"line":54,"column":29}}},"fnMap":{"0":{"name":"(anonymous_0)","decl":{"start":{"line":2,"column":2},"end":{"line":2,"column":3}},"loc":{"start":{"line":2,"column":16},"end":{"line":4,"column":3}},"line":2},"1":{"name":"(anonymous_1)","decl":{"start":{"line":6,"column":2},"end":{"line":6,"column":3}},"loc":{"start":{"line":6,"column":23},"end":{"line":8,"column":3}},"line":6},"2":{"name":"(anonymous_2)","decl":{"start":{"line":10,"column":2},"end":{"line":10,"column":3}},"loc":{"start":{"line":10,"column":19},"end":{"line":17,"column":3}},"line":10},"3":{"name":"(anonymous_3)","decl":{"start":{"line":19,"column":2},"end":{"line":19,"column":3}},"loc":{"start":{"line":19,"column":19},"end":{"line":29,"column":3}},"line":19},"4":{"name":"(anonymous_4)","decl":{"start":{"line":31,"column":2},"end":{"line":31,"column":3}},"loc":{"start":{"line":31,"column":25},"end":{"line":35,"column":3}},"line":31},"5":{"name":"(anonymous_5)","decl":{"start":{"line":32,"column":41},"end":{"line":32,"column":42}},"loc":{"start":{"line":32,"column":51},"end":{"line":32,"column":66}},"line":32},"6":{"name":"(anonymous_6)","decl":{"start":{"line":37,"column":2},"end":{"line":37,"column":3}},"loc":{"start":{"line":37,"column":24},"end":{"line":41,"column":3}},"line":37},"7":{"name":"(anonymous_7)","decl":{"start":{"line":43,"column":2},"end":{"line":43,"column":3}},"loc":{"start":{"line":43,"column":20},"end":{"line":47,"column":3}},"line":43},"8":{"name":"(anonymous_8)","decl":{"start":{"line":44,"column":26},"end":{"line":44,"column":27}},"loc":{"start":{"line":44,"column":43},"end":{"line":46,"column":5}},"line":44},"9":{"name":"(anonymous_9)","decl":{"start":{"line":49,"column":2},"end":{"line":49,"column":3}},"loc":{"start":{"line":49,"column":16},"end":{"line":51,"column":3}},"line":49}},"branchMap":{"0":{"loc":{"start":{"line":3,"column":20},"end":{"line":3,"column":70}},"type":"binary-expr","locations":[{"start":{"line":3,"column":20},"end":{"line":3,"column":64}},{"start":{"line":3,"column":68},"end":{"line":3,"column":70}}],"line":3},"1":{"loc":{"start":{"line":20,"column":4},"end":{"line":28,"column":5}},"type":"if","locations":[{"start":{"line":20,"column":4},"end":{"line":28,"column":5}},{"start":{},"end":{}}],"line":20},"2":{"loc":{"start":{"line":21,"column":6},"end":{"line":23,"column":7}},"type":"if","locations":[{"start":{"line":21,"column":6},"end":{"line":23,"column":7}},{"start":{},"end":{}}],"line":21},"3":{"loc":{"start":{"line":24,"column":6},"end":{"line":26,"column":7}},"type":"if","locations":[{"start":{"line":24,"column":6},"end":{"line":26,"column":7}},{"start":{},"end":{}}],"line":24}},"s":{"0":4,"1":8,"2":6,"3":6,"4":0,"5":0,"6":0,"7":0,"8":0,"9":0,"10":0,"11":0,"12":0,"13":0,"14":2,"15":2,"16":2,"17":2,"18":2,"19":4,"20":1},"f":{"0":4,"1":8,"2":6,"3":0,"4":0,"5":0,"6":2,"7":2,"8":2,"9":4},"b":{"0":[4,4],"1":[0,0],"2":[0,0],"3":[0,0]},"_coverageSchema":"1a1c01bbd47fc00a2c39e90264f33305004495a9","hash":"9b3df22b07da913098bbc2ab36d8731b80566e55"}
,"D:\\D-desktop\\courses-folders\\MICROVERSE\\Module-2-JS-Networking\\projects\\Task-Manager\\src\\Jest\\addNewTasktoDOM.js": {"path":"D:\\D-desktop\\courses-folders\\MICROVERSE\\Module-2-JS-Networking\\projects\\Task-Manager\\src\\Jest\\addNewTasktoDOM.js","statementMap":{"0":{"start":{"line":3,"column":23},"end":{"line":6,"column":1}},"1":{"start":{"line":4,"column":19},"end":{"line":4,"column":48}},"2":{"start":{"line":5,"column":2},"end":{"line":5,"column":59}},"3":{"start":{"line":8,"column":0},"end":{"line":8,"column":32}}},"fnMap":{"0":{"name":"(anonymous_0)","decl":{"start":{"line":3,"column":23},"end":{"line":3,"column":24}},"loc":{"start":{"line":3,"column":53},"end":{"line":6,"column":1}},"line":3}},"branchMap":{},"s":{"0":1,"1":2,"2":2,"3":1},"f":{"0":2},"b":{},"_coverageSchema":"1a1c01bbd47fc00a2c39e90264f33305004495a9","hash":"2b6bdccf073d769ff967ac2af015b0b1903d7cf2"}
,"D:\\D-desktop\\courses-folders\\MICROVERSE\\Module-2-JS-Networking\\projects\\Task-Manager\\src\\js\\markup-templates\\create-task-template.js": {"path":"D:\\D-desktop\\courses-folders\\MICROVERSE\\Module-2-JS-Networking\\projects\\Task-Manager\\src\\js\\markup-templates\\create-task-template.js","statementMap":{"0":{"start":{"line":1,"column":27},"end":{"line":30,"column":7}},"1":{"start":{"line":3,"column":5},"end":{"line":30,"column":7}}},"fnMap":{"0":{"name":"(anonymous_0)","decl":{"start":{"line":1,"column":27},"end":{"line":1,"column":28}},"loc":{"start":{"line":3,"column":5},"end":{"line":30,"column":7}},"line":3}},"branchMap":{},"s":{"0":1,"1":2},"f":{"0":2},"b":{},"_coverageSchema":"1a1c01bbd47fc00a2c39e90264f33305004495a9","hash":"5b916824a2011be71e9e1e8afa15bbb1e928cbbd"}
}
