TN:
SF:src\Jest\TaskManager-toTest.js
FN:2,(anonymous_0)
FN:6,(anonymous_1)
FN:10,(anonymous_2)
FN:19,(anonymous_3)
FN:31,(anonymous_4)
FN:32,(anonymous_5)
FN:37,(anonymous_6)
FN:43,(anonymous_7)
FN:44,(anonymous_8)
FN:49,(anonymous_9)
FNF:10
FNH:10
FNDA:7,(anonymous_0)
FNDA:16,(anonymous_1)
FNDA:10,(anonymous_2)
FNDA:3,(anonymous_3)
FNDA:1,(anonymous_4)
FNDA:2,(anonymous_5)
FNDA:2,(anonymous_6)
FNDA:3,(anonymous_7)
FNDA:3,(anonymous_8)
FNDA:7,(anonymous_9)
DA:3,7
DA:7,16
DA:11,10
DA:16,10
DA:20,3
DA:21,3
DA:22,1
DA:24,3
DA:25,2
DA:27,3
DA:32,2
DA:33,1
DA:34,1
DA:38,2
DA:39,2
DA:40,2
DA:44,3
DA:45,3
DA:50,7
DA:54,2
LF:20
LH:20
BRDA:3,0,0,7
BRDA:3,0,1,7
BRDA:20,1,0,3
BRDA:20,1,1,0
BRDA:21,2,0,1
BRDA:21,2,1,2
BRDA:24,3,0,2
BRDA:24,3,1,1
BRF:8
BRH:7
end_of_record
TN:
SF:src\Jest\addNewTasktoDOM.js
FN:3,(anonymous_0)
FNF:1
FNH:1
FNDA:2,(anonymous_0)
DA:3,1
DA:4,2
DA:5,2
DA:8,1
LF:4
LH:4
BRF:0
BRH:0
end_of_record
TN:
SF:src\Jest\injectFullTaskListOnDOM.js
FN:3,(anonymous_0)
FN:4,(anonymous_1)
FNF:2
FNH:2
FNDA:1,(anonymous_0)
FNDA:1,(anonymous_1)
DA:3,1
DA:4,1
DA:5,1
DA:9,1
LF:4
LH:4
BRF:0
BRH:0
end_of_record
TN:
SF:src\js\markup-templates\create-task-template.js
FN:1,(anonymous_0)
FNF:1
FNH:1
FNDA:3,(anonymous_0)
DA:1,2
DA:3,3
LF:2
LH:2
BRF:0
BRH:0
end_of_record
