TN:
SF:src\Jest\TaskManager-toTest.js
FN:2,(anonymous_0)
FN:6,(anonymous_1)
FN:10,(anonymous_2)
FN:19,(anonymous_3)
FN:31,(anonymous_4)
FN:32,(anonymous_5)
FN:37,(anonymous_6)
FN:43,(anonymous_7)
FN:44,(anonymous_8)
FN:49,(anonymous_9)
FNF:10
FNH:7
FNDA:4,(anonymous_0)
FNDA:8,(anonymous_1)
FNDA:6,(anonymous_2)
FNDA:0,(anonymous_3)
FNDA:0,(anonymous_4)
FNDA:0,(anonymous_5)
FNDA:2,(anonymous_6)
FNDA:2,(anonymous_7)
FNDA:2,(anonymous_8)
FNDA:4,(anonymous_9)
DA:3,4
DA:7,8
DA:11,6
DA:16,6
DA:20,0
DA:21,0
DA:22,0
DA:24,0
DA:25,0
DA:27,0
DA:32,0
DA:33,0
DA:34,0
DA:38,2
DA:39,2
DA:40,2
DA:44,2
DA:45,2
DA:50,4
DA:54,1
LF:20
LH:11
BRDA:3,0,0,4
BRDA:3,0,1,4
BRDA:20,1,0,0
BRDA:20,1,1,0
BRDA:21,2,0,0
BRDA:21,2,1,0
BRDA:24,3,0,0
BRDA:24,3,1,0
BRF:8
BRH:2
end_of_record
TN:
SF:src\Jest\addNewTasktoDOM.js
FN:3,(anonymous_0)
FNF:1
FNH:1
FNDA:2,(anonymous_0)
DA:3,1
DA:4,2
DA:5,2
DA:8,1
LF:4
LH:4
BRF:0
BRH:0
end_of_record
TN:
SF:src\js\markup-templates\create-task-template.js
FN:1,(anonymous_0)
FNF:1
FNH:1
FNDA:2,(anonymous_0)
DA:1,1
DA:3,2
LF:2
LH:2
BRF:0
BRH:0
end_of_record
